../data/input_PairNegWgtSort_Delta10_GroupEvt-1_useErrFalse_minMC-1_maxErr999.csv deosn't exist
 run load_data_2017 
       entries  error                key  mvaOutput_2lss_ttV    ...      target   totalWeight  vor_point vor_region
0          1.0   0.00  ttHnobb_SigRegion           -0.693458    ...           1  1.184549e-03         -1         -1
1          1.0   0.00  ttHnobb_SigRegion           -0.730801    ...           1  1.592184e-03         -1         -1
2          1.0   0.00  ttHnobb_SigRegion           -0.705809    ...           1  2.911194e-05         -1         -1
3          1.0   0.00  ttHnobb_SigRegion           -0.662928    ...           1  1.086736e-03         -1         -1
4          1.0   0.00  ttHnobb_SigRegion           -0.895382    ...           1  1.012195e-03         -1         -1
5          1.0   0.00  ttHnobb_SigRegion           -0.633379    ...           1  1.202012e-03         -1         -1
6          1.0   0.00  ttHnobb_SigRegion           -0.614517    ...           1  4.918771e-04         -1         -1
7          1.0   0.00  ttHnobb_SigRegion           -0.609684    ...           1  9.725514e-04         -1         -1
8          1.0   0.00  ttHnobb_SigRegion           -0.676802    ...           1  9.248914e-04         -1         -1
9          1.0   0.00  ttHnobb_SigRegion           -0.702763    ...           1  8.994421e-05         -1         -1
10         1.0   0.00  ttHnobb_SigRegion           -0.595655    ...           1  6.430735e-05         -1         -1
11         1.0   0.00  ttHnobb_SigRegion           -0.764390    ...           1  1.534450e-03         -1         -1
12         1.0   0.00  ttHnobb_SigRegion           -0.570563    ...           1  7.534061e-05         -1         -1
13         1.0   0.00  ttHnobb_SigRegion           -0.727607    ...           1  1.932531e-03         -1         -1
14         1.0   0.00  ttHnobb_SigRegion           -0.660048    ...           1  1.166996e-03         -1         -1
15         1.0   0.00  ttHnobb_SigRegion           -0.679609    ...           1  9.733079e-04         -1         -1
16         1.0   0.00  ttHnobb_SigRegion           -0.694805    ...           1  2.509258e-03         -1         -1
17         1.0   0.00  ttHnobb_SigRegion           -0.812360    ...           1  1.361807e-03         -1         -1
18         1.0   0.00  ttHnobb_SigRegion           -0.552460    ...           1  2.021614e-03         -1         -1
19         1.0   0.00  ttHnobb_SigRegion           -0.554975    ...           1  9.141343e-04         -1         -1
20         1.0   0.00  ttHnobb_SigRegion           -0.715828    ...           1  2.675642e-08         -1         -1
21         1.0   0.00  ttHnobb_SigRegion           -0.518548    ...           1  1.075680e-04         -1         -1
22         1.0   0.00  ttHnobb_SigRegion           -0.600367    ...           1  1.084242e-03         -1         -1
23         1.0   0.00  ttHnobb_SigRegion           -0.749507    ...           1  1.055855e-03         -1         -1
24         1.0   0.00  ttHnobb_SigRegion           -0.484871    ...           1  1.260963e-04         -1         -1
25         1.0   0.00  ttHnobb_SigRegion           -0.570941    ...           1  9.802060e-05         -1         -1
26         1.0   0.00  ttHnobb_SigRegion           -0.649086    ...           1  1.122227e-04         -1         -1
27         1.0   0.00  ttHnobb_SigRegion           -0.715245    ...           1  1.388643e-03         -1         -1
28         1.0   0.00  ttHnobb_SigRegion           -0.693439    ...           1  1.435230e-03         -1         -1
29         1.0   0.00  ttHnobb_SigRegion           -0.708382    ...           1  9.455720e-04         -1         -1
...        ...    ...                ...                 ...    ...         ...           ...        ...        ...
31886      1.0   0.25   ttJets_SigRegion            0.281911    ...           3  2.533709e-02         -1         -1
31887      1.0   0.25   ttJets_SigRegion            0.289406    ...           3  2.022419e-02         -1         -1
31888      1.0   0.25   ttJets_SigRegion            0.370834    ...           3  1.071434e-02         -1         -1
31889      1.0   0.25   ttJets_SigRegion            0.349605    ...           3  1.499364e-02         -1         -1
31890      1.0   0.25   ttJets_SigRegion            0.602895    ...           3  9.371472e-03         -1         -1
31891      1.0   0.25   ttJets_SigRegion            0.478543    ...           3  8.886814e-03         -1         -1
31892      1.0   0.25   ttJets_SigRegion            0.367906    ...           3  9.521699e-03         -1         -1
31893      1.0   0.25   ttJets_SigRegion            0.499600    ...           3  8.860604e-04         -1         -1
31894      1.0   0.25   ttJets_SigRegion            0.487397    ...           3  3.216915e-02         -1         -1
31895      1.0   0.25   ttJets_SigRegion            0.080345    ...           3  9.253087e-03         -1         -1
31896      1.0   0.25   ttJets_SigRegion            0.458329    ...           3  1.145185e-02         -1         -1
31897      1.0   0.25   ttJets_SigRegion            0.423802    ...           3  7.791865e-03         -1         -1
31898      1.0   0.25   ttJets_SigRegion            0.538562    ...           3  3.527478e-03         -1         -1
31899      1.0   0.25   ttJets_SigRegion            0.459414    ...           3  4.469595e-02         -1         -1
31900      1.0   0.25   ttJets_SigRegion            0.061953    ...           3  3.411425e-02         -1         -1
31901      1.0   0.25   ttJets_SigRegion            0.457304    ...           3  2.770224e-03         -1         -1
31902      1.0   0.25   ttJets_SigRegion            0.526143    ...           3  1.326981e-02         -1         -1
31903      1.0   0.25   ttJets_SigRegion            0.587842    ...           3  8.156126e-03         -1         -1
31904      1.0   0.25   ttJets_SigRegion            0.363866    ...           3  1.698868e-04         -1         -1
31905      1.0   0.25   ttJets_SigRegion            0.439405    ...           3  6.814046e-03         -1         -1
31906      1.0   0.25   ttJets_SigRegion            0.321694    ...           3  1.176970e-01         -1         -1
31907      1.0   0.25   ttJets_SigRegion            0.524459    ...           3  5.917674e-02         -1         -1
31908      1.0   0.25   ttJets_SigRegion            0.625954    ...           3  1.618484e-02         -1         -1
31909      1.0   0.25   ttJets_SigRegion            0.429412    ...           3  2.376791e-02         -1         -1
31910      1.0   0.25   ttJets_SigRegion            0.682274    ...           3  1.841591e-02         -1         -1
31911      1.0   0.25   ttJets_SigRegion            0.535588    ...           3  1.250457e-02         -1         -1
31912      1.0   0.25   ttJets_SigRegion            0.734190    ...           3  5.937949e-03         -1         -1
31913      1.0   0.25   ttJets_SigRegion            0.596575    ...           3  2.050908e-02         -1         -1
31914      1.0   0.25   ttJets_SigRegion            0.717242    ...           3  1.803753e-02         -1         -1
31915      1.0   0.25   ttJets_SigRegion            0.877817    ...           3  1.551005e-02         -1         -1

[31916 rows x 11 columns]
finish assining bkgs, data is        entries  error                key  mvaOutput_2lss_ttV    ...      target totalWeight  vor_point vor_region
0          1.0   0.00  ttHnobb_SigRegion            0.218358    ...           1    0.001362          0       2033
1          1.0   0.15  ttWJets_SigRegion            0.358687    ...           2    0.000195       3166       3675
2          1.0   0.15  ttWJets_SigRegion           -0.304251    ...           2    0.001787       4539        491
3          1.0   0.15  ttWJets_SigRegion            0.145613    ...           2    0.001852       1101        708
4          1.0   0.15  ttWJets_SigRegion            0.006528    ...           2    0.000192       2857        540
5          1.0   0.15  ttWJets_SigRegion           -0.004674    ...           2    0.000222       2508       1183
6          1.0   0.00  ttHnobb_SigRegion            0.024347    ...           1    0.001842          1        943
7          1.0   0.15  ttWJets_SigRegion            0.217671    ...           2    0.001953       1013       2447
8          1.0   0.00  ttHnobb_SigRegion            0.239209    ...           1    0.000587          2       4628
9          1.0   0.15  ttWJets_SigRegion           -0.424706    ...           2    0.001250       3710       2279
10         1.0   0.15  ttWJets_SigRegion            0.364717    ...           2    0.000680       3166       3675
11         1.0   0.15  ttWJets_SigRegion           -0.824431    ...           2    0.001680       3632         46
12         1.0   0.15  ttWJets_SigRegion           -0.343516    ...           2    0.003584        782       1507
13         1.0   0.00  ttHnobb_SigRegion            0.848279    ...           1    0.001189          3        245
14         1.0   0.00  ttHnobb_SigRegion            0.114370    ...           1    0.000095          4       3161
15         1.0   0.15  ttWJets_SigRegion           -0.094844    ...           2    0.000394       3745       3354
16         1.0   0.15  ttZJets_SigRegion           -0.508079    ...           2    0.001732       2986        120
17         1.0   0.15  ttWJets_SigRegion           -0.003306    ...           2    0.000012       3336       3398
18         1.0   0.00  ttHnobb_SigRegion           -0.036543    ...           1    0.001214          5       3387
19         1.0   0.15  ttZJets_SigRegion           -0.346261    ...           2    0.001682       3848       1989
20         1.0   0.00  ttHnobb_SigRegion           -0.444952    ...           1    0.002005          6        697
21         1.0   0.15  ttZJets_SigRegion           -0.414066    ...           2    0.002195       2832       1233
22         1.0   0.00  ttHnobb_SigRegion            0.475123    ...           1    0.000909          7       4325
23         1.0   0.00  ttHnobb_SigRegion           -0.249077    ...           1    0.000135          8       2532
24         1.0   0.00  ttHnobb_SigRegion            0.229809    ...           1    0.000100          9       2493
25         1.0   0.15  ttWJets_SigRegion           -0.312753    ...           2    0.002648       2165        832
26         1.0   0.15  ttZJets_SigRegion            0.300254    ...           2    0.000171        692       3235
27         1.0   0.25   ttJets_SigRegion            0.270696    ...           3    0.005643        569       1250
28         1.0   0.00  ttHnobb_SigRegion           -0.299803    ...           1    0.002315         10       4497
29         1.0   0.15  ttWJets_SigRegion           -0.392588    ...           2    0.000032        122        889
...        ...    ...                ...                 ...    ...         ...         ...        ...        ...
15928      1.0   0.15  ttWJets_SigRegion            0.203576    ...           2    0.000022       3188        963
15929      1.0   0.00  ttHnobb_SigRegion           -0.095266    ...           1    0.001663       4759       2728
15930      1.0   0.00  ttHnobb_SigRegion            0.480587    ...           1    0.001206       4760       4747
15931      1.0   0.15  ttWJets_SigRegion           -0.027994    ...           2    0.001443        700       4039
15932      1.0   0.15  ttZJets_SigRegion           -0.430296    ...           2    0.000149       1736        663
15933      1.0   0.15  ttWJets_SigRegion           -0.243500    ...           2    0.000212       1640        360
15934      1.0   0.15  ttWJets_SigRegion           -0.151040    ...           2    0.000399        307       4088
15935      1.0   0.15  ttZJets_SigRegion           -0.209142    ...           2    0.000202       4301       2654
15936      1.0   0.15  ttZJets_SigRegion           -0.112446    ...           2    0.002342       4148       1530
15937      1.0   0.00  ttHnobb_SigRegion           -0.318238    ...           1    0.000094       4761       2757
15938      1.0   0.15  ttWJets_SigRegion           -0.452293    ...           2    0.002098       3906        463
15939      1.0   0.15  ttWJets_SigRegion           -0.518563    ...           2    0.001159       1189        132
15940      1.0   0.15  ttZJets_SigRegion           -0.452182    ...           2    0.002019        343        698
15941      1.0   0.00  ttHnobb_SigRegion           -0.323212    ...           1    0.000730       4762        608
15942      1.0   0.15  ttWJets_SigRegion            0.006796    ...           2    0.000464       2111       1954
15943      1.0   0.15  ttWJets_SigRegion           -0.422476    ...           2    0.001490       2109       1095
15944      1.0   0.15  ttZJets_SigRegion            0.057433    ...           2    0.000245        270       3913
15945      1.0   0.00  ttHnobb_SigRegion            0.187494    ...           1    0.000160       4763       1628
15946      1.0   0.15  ttZJets_SigRegion           -0.196210    ...           2    0.001943        649        626
15947      1.0   0.00  ttHnobb_SigRegion            0.004078    ...           1    0.000758       4764       1616
15948      1.0   0.15  ttZJets_SigRegion           -0.223165    ...           2    0.000325       2791       1748
15949      1.0   0.15  ttWJets_SigRegion            0.340529    ...           2    0.000178       1473       2498
15950      1.0   0.15  ttWJets_SigRegion           -0.105616    ...           2    0.000135       1492       4199
15951      1.0   0.15  ttWJets_SigRegion           -0.046770    ...           2    0.001200        399       4178
15952      1.0   0.15  ttZJets_SigRegion            0.321014    ...           2    0.000161       1738       2782
15953      1.0   0.00  ttHnobb_SigRegion            0.396586    ...           1    0.000751       4765       4304
15954      1.0   0.15  ttWJets_SigRegion           -0.211549    ...           2    0.002161       1120        859
15955      1.0   0.15  ttWJets_SigRegion           -0.145809    ...           2    0.001233       3398       2332
15956      1.0   0.25   ttJets_SigRegion            0.101327    ...           3    0.006778       2352       4535
15957      1.0   0.15  ttWJets_SigRegion           -0.279857    ...           2    0.001413       4090       4498

[15958 rows x 11 columns] 
finish calculate siginificance, after sorting df_vor is             b1        b2  entrie_b1  entrie_b2     ...      sumw2_b2       sumw2_s  vor_point  vor_region
0     0.000000  0.000000        0.0        0.0     ...      0.000000  1.143248e-05        843        1783
1     0.000000  0.000000        0.0        0.0     ...      0.000000  5.138371e-06        188        3012
2     0.000000  0.000000        0.0        0.0     ...      0.000000  5.294205e-06       4642         419
3     0.000000  0.000000        0.0        0.0     ...      0.000000  9.007762e-06       1047        4757
4     0.000000  0.000000        0.0        0.0     ...      0.000000  4.169774e-06       2321        3753
5     0.000000  0.000000        0.0        0.0     ...      0.000000  4.096526e-06       1597        4306
6     0.000000  0.000000        0.0        0.0     ...      0.000000  2.903566e-06       4671        4261
7     0.000000  0.000000        0.0        0.0     ...      0.000000  4.083249e-06        429        3150
8     0.000000  0.000000        0.0        0.0     ...      0.000000  3.827309e-06       2957        2222
9     0.000000  0.000000        0.0        0.0     ...      0.000000  6.756051e-06       3897        4290
10    0.000000  0.000000        0.0        0.0     ...      0.000000  3.677348e-06       2980        3016
11    0.000000  0.000000        0.0        0.0     ...      0.000000  3.402881e-06       3094        3057
12    0.000000  0.000000        0.0        0.0     ...      0.000000  6.431269e-06        453        1340
13    0.000000  0.000000        0.0        0.0     ...      0.000000  5.850127e-06        256        3014
14    0.000000  0.000000        0.0        0.0     ...      0.000000  5.780654e-06       4524         726
15    0.000000  0.000000        0.0        0.0     ...      0.000000  5.630846e-06       1270        3689
16    0.000000  0.000000        0.0        0.0     ...      0.000000  5.596812e-06       4144         766
17    0.000000  0.000000        0.0        0.0     ...      0.000000  5.544946e-06       3663         775
18    0.000000  0.000000        0.0        0.0     ...      0.000000  5.464067e-06       3953        1272
19    0.000000  0.000000        0.0        0.0     ...      0.000000  2.663377e-06       4037        1545
20    0.000000  0.000000        0.0        0.0     ...      0.000000  5.109524e-06       3806        2158
21    0.000000  0.000000        0.0        0.0     ...      0.000000  5.064505e-06       3442        1956
22    0.000000  0.000000        0.0        0.0     ...      0.000000  2.586863e-06       1621         251
23    0.000000  0.000000        0.0        0.0     ...      0.000000  2.594909e-06       2233        3187
24    0.000000  0.000000        0.0        0.0     ...      0.000000  5.023195e-06       4020        2411
25    0.000000  0.000000        0.0        0.0     ...      0.000000  4.984013e-06       2663        2754
26    0.000000  0.000000        0.0        0.0     ...      0.000000  4.887348e-06        479        3798
27    0.000000  0.000000        0.0        0.0     ...      0.000000  4.887291e-06       2885        3768
28    0.000000  0.000000        0.0        0.0     ...      0.000000  4.787114e-06        347        4403
29    0.000000  0.000000        0.0        0.0     ...      0.000000  4.748455e-06       1985        2133
...        ...       ...        ...        ...     ...           ...           ...        ...         ...
4736  0.004206  0.000000        2.0        0.0     ...      0.000000  1.366342e-13       1853        3980
4737  0.000000  0.023768        0.0        1.0     ...      0.000565  4.312488e-13       4304        3054
4738  0.003991  0.000000        2.0        0.0     ...      0.000000  1.321372e-13       1019        1143
4739  0.006484  0.000000        5.0        0.0     ...      0.000000  1.366649e-13        678        2521
4740  0.007951  0.000000        4.0        0.0     ...      0.000000  1.275348e-13       1457         716
4741  0.004755  0.000000        2.0        0.0     ...      0.000000  1.056722e-13        985        1462
4742  0.003842  0.000000        3.0        0.0     ...      0.000000  9.223754e-14       2705        1190
4743  0.008396  0.000000        5.0        0.0     ...      0.000000  1.009606e-13       1481        3483
4744  0.013331  0.000000        8.0        0.0     ...      0.000000  1.076349e-13       3425        4502
4745  0.001577  0.160939        3.0        2.0     ...      0.013010  1.499820e-13        389        3692
4746  0.008494  0.000000        5.0        0.0     ...      0.000000  1.814487e-14        795         465
4747  0.002244  0.000000        1.0        0.0     ...      0.000000  8.079469e-15       1532        2490
4748  0.004235  0.000000        2.0        0.0     ...      0.000000  6.291984e-15        177        4663
4749  0.001218  0.000000        1.0        0.0     ...      0.000000  3.859565e-15       3393        2826
4750  0.001960  0.000000        1.0        0.0     ...      0.000000  3.696019e-15       2728        3130
4751  0.001599  0.000000        2.0        0.0     ...      0.000000  3.634424e-15       2511        4146
4752  0.002007  0.000000        1.0        0.0     ...      0.000000  2.962793e-15        390        4276
4753  0.000425  0.000000        1.0        0.0     ...      0.000000  2.539473e-15       1710        4025
4754  0.007005  0.000000        4.0        0.0     ...      0.000000  2.557505e-15        613        2549
4755  0.004111  0.000000        3.0        0.0     ...      0.000000  2.093043e-15       4135        1186
4756  0.002258  0.000000        1.0        0.0     ...      0.000000  1.565270e-15        309        1292
4757  0.005476  0.000000        3.0        0.0     ...      0.000000  1.606786e-15        674        3360
4758  0.001230  0.000000        1.0        0.0     ...      0.000000  1.325553e-15       2736         259
4759  0.002345  0.000000        2.0        0.0     ...      0.000000  1.329754e-15        315        2956
4760  0.002644  0.000000        2.0        0.0     ...      0.000000  1.126273e-15       3483        1791
4761  0.006245  0.000000        6.0        0.0     ...      0.000000  1.271173e-15       1377        1846
4762  0.000294  0.000000        1.0        0.0     ...      0.000000  6.118207e-16       4045        3132
4763  0.009845  0.000000        7.0        0.0     ...      0.000000  7.159059e-16       3534         101
4764  0.010525  0.063743        8.0        4.0     ...      0.001795  6.115613e-16       4353         361
4765  0.000143  0.072136        2.0        1.0     ...      0.005204  9.158107e-21       1589        2635

[4766 rows x 13 columns]
finish merge algorithm df_vor is saved into ../output/QT100/TrainFrac0.5_PairNegWgtSort_Delta10_GroupEvt-1_useErrFalse_minMC-1_maxErr999_df_vor.csv 
 overtrain test: 
 df_vor_train is - 
                   s       sumw2_s            b1      sumw2_b1        b2  sumw2_b2  significance
vor_label                                                                                      
0          1.164090  1.580490e-03  9.538488e-07  9.098276e-13  0.000000  0.000000      5.494595
1          0.904468  1.628777e-03  2.346283e+00  4.531698e-03  0.099991  0.000809      0.544646
2          0.757834  1.039148e-03  2.573606e+00  4.972482e-03  0.288814  0.004179      0.428543
3          0.347603  4.357618e-04  1.263840e+00  2.430552e-03  0.377666  0.007975      0.261080
4          0.512026  5.838990e-04  2.315802e+00  4.480096e-03  1.256768  0.048198      0.264118
5          0.019197  4.981455e-05  2.910637e-02  6.456156e-05  0.000000  0.000000      0.074062
6          0.086688  9.312012e-05  4.037010e-01  7.384959e-04  0.233913  0.009970      0.104748
7          0.313894  3.381732e-04  1.319750e+00  2.548099e-03  2.331511  0.147277      0.161354
8          0.135450  1.473291e-04  5.877978e-01  1.098881e-03  2.457655  0.150294      0.076523
9          0.064894  6.152676e-05  3.064925e-01  5.857441e-04  1.453118  0.143973      0.048030
10         0.030590  2.799690e-05  1.597548e-01  3.295800e-04  1.015380  0.099705      0.027546
11         0.062006  3.376625e-05  9.320880e-01  1.736549e-03  0.218545  0.006567      0.056870
12         0.039943  8.498824e-06  1.039795e+00  1.957463e-03  0.302316  0.008810      0.034096
13         0.006636  7.068544e-06  2.180270e-01  4.110543e-04  0.153619  0.005151      0.010592
14         0.008999  1.616474e-06  4.538066e-01  8.681742e-04  0.740121  0.048152      0.008133
15         0.004346  1.962558e-06  1.932957e-01  3.680963e-04  0.719020  0.051507      0.004450
16         0.005224  5.572330e-06  4.068140e-01  7.444686e-04  1.186517  0.091365      0.004090
17         0.000737  3.368315e-06  2.008281e-01  3.824707e-04  0.468657  0.034847      0.000880
18         0.000157  1.065620e-09  2.446311e-01  4.803450e-04  0.298871  0.017607      0.000208
19         0.000012  4.819322e-12  1.884540e-01  3.636980e-04  0.320586  0.020574      0.000017 
 overtrain test: 
 df_vor_test is - 
                  b1        b2         s  significance  sumw2_b1  sumw2_b2   sumw2_s
vor_label                                                                          
0.0        1.310086  0.884649  0.798948      0.508384  0.002495  0.047669  0.001081
1.0        1.961917  1.597067  0.489800      0.253272  0.003783  0.086777  0.000674
2.0        2.273030  2.002341  0.607284      0.286427  0.004363  0.135591  0.000851
3.0        1.085059  1.047150  0.321507      0.213870  0.002107  0.055462  0.000436
4.0        2.254877  1.881492  0.483706      0.232837  0.004302  0.116140  0.000660
5.0        0.074983  0.070519  0.032581      0.076853  0.000139  0.001635  0.000041
6.0        0.378634  0.474497  0.114934      0.120054  0.000718  0.026074  0.000157
7.0        1.270856  0.845159  0.302324      0.202254  0.002463  0.044643  0.000392
8.0        0.668506  0.573092  0.129643      0.113473  0.001286  0.029163  0.000175
9.0        0.336500  0.364895  0.106142      0.121733  0.000664  0.024715  0.000149
10.0       0.189720  0.044548  0.050645      0.097454  0.000381  0.000726  0.000071
11.0       0.925579  0.749590  0.287635      0.214982  0.001778  0.029344  0.000379
12.0       0.861527  0.875834  0.267331      0.196654  0.001605  0.047343  0.000364
13.0       0.157621  0.153291  0.059700      0.100355  0.000299  0.005186  0.000088
14.0       0.417178  0.444087  0.081728      0.085609  0.000816  0.024495  0.000119
15.0       0.147350  0.245019  0.053626      0.080852  0.000261  0.012316  0.000070
16.0       0.448177  0.485051  0.087557      0.088202  0.000873  0.022170  0.000128
17.0       0.181972  0.235363  0.038205      0.056607  0.000357  0.020604  0.000053
18.0       0.228541  0.110324  0.054215      0.088515  0.000503  0.004349  0.000074
19.0       0.130428  0.105071  0.046196      0.088527  0.000250  0.003553  0.000059
