        Unnamed: 0  entries  error                key     ...      target   totalWeight vor_point  vor_region
0                0      1.0   0.00  ttHnobb_SigRegion     ...           1  1.829139e-03        -1          -1
1                1      1.0   0.00  ttHnobb_SigRegion     ...           1  8.212150e-04        -1          -1
2                2      1.0   0.00  ttHnobb_SigRegion     ...           1  3.873627e-07        -1          -1
3                3      1.0   0.00  ttHnobb_SigRegion     ...           1  1.038602e-03        -1          -1
4                4      1.0   0.00  ttHnobb_SigRegion     ...           1  1.540802e-03        -1          -1
5                5      1.0   0.00  ttHnobb_SigRegion     ...           1  1.385942e-03        -1          -1
6                6      1.0   0.00  ttHnobb_SigRegion     ...           1  1.265702e-03        -1          -1
7                7      1.0   0.00  ttHnobb_SigRegion     ...           1  1.445639e-03        -1          -1
8                8      1.0   0.00  ttHnobb_SigRegion     ...           1  9.797610e-04        -1          -1
9                9      1.0   0.00  ttHnobb_SigRegion     ...           1  1.020883e-03        -1          -1
10              10      1.0   0.00  ttHnobb_SigRegion     ...           1  7.622138e-04        -1          -1
11              11      1.0   0.00  ttHnobb_SigRegion     ...           1  1.108466e-03        -1          -1
12              12      1.0   0.00  ttHnobb_SigRegion     ...           1  9.384358e-05        -1          -1
13              13      1.0   0.00  ttHnobb_SigRegion     ...           1  1.137610e-03        -1          -1
14              14      1.0   0.00  ttHnobb_SigRegion     ...           1  1.590768e-03        -1          -1
15              15      1.0   0.00  ttHnobb_SigRegion     ...           1  1.820321e-03        -1          -1
16              16      1.0   0.00  ttHnobb_SigRegion     ...           1  1.506864e-03        -1          -1
17              17      1.0   0.00  ttHnobb_SigRegion     ...           1  1.715936e-03        -1          -1
18              18      1.0   0.00  ttHnobb_SigRegion     ...           1  1.043947e-03        -1          -1
19              19      1.0   0.00  ttHnobb_SigRegion     ...           1  1.246160e-03        -1          -1
20              20      1.0   0.00  ttHnobb_SigRegion     ...           1  8.313861e-05        -1          -1
21              21      1.0   0.00  ttHnobb_SigRegion     ...           1  1.324454e-03        -1          -1
22              22      1.0   0.00  ttHnobb_SigRegion     ...           1  9.314092e-04        -1          -1
23              23      1.0   0.00  ttHnobb_SigRegion     ...           1  3.413145e-07        -1          -1
24              24      1.0   0.00  ttHnobb_SigRegion     ...           1  1.173123e-03        -1          -1
25              25      1.0   0.00  ttHnobb_SigRegion     ...           1  7.120798e-04        -1          -1
26              26      1.0   0.00  ttHnobb_SigRegion     ...           1  1.014601e-03        -1          -1
27              27      1.0   0.00  ttHnobb_SigRegion     ...           1  1.015034e-03        -1          -1
28              28      1.0   0.00  ttHnobb_SigRegion     ...           1  1.083808e-03        -1          -1
29              29      1.0   0.00  ttHnobb_SigRegion     ...           1  1.097549e-03        -1          -1
...            ...      ...    ...                ...     ...         ...           ...       ...         ...
319835      319835      1.0   0.25   ttJets_SigRegion     ...           3  4.474914e-02        -1          -1
319836      319836      1.0   0.25   ttJets_SigRegion     ...           3  8.066067e-03        -1          -1
319837      319837      1.0   0.25   ttJets_SigRegion     ...           3  5.937949e-03        -1          -1
319838      319838      1.0   0.25   ttJets_SigRegion     ...           3  3.138841e-02        -1          -1
319839      319839      1.0   0.25   ttJets_SigRegion     ...           3  8.159769e-02        -1          -1
319840      319840      1.0   0.25   ttJets_SigRegion     ...           3  1.210454e-02        -1          -1
319841      319841      1.0   0.25   ttJets_SigRegion     ...           3  2.292633e-02        -1          -1
319842      319842      1.0   0.25   ttJets_SigRegion     ...           3  1.483709e-02        -1          -1
319843      319843      1.0   0.25   ttJets_SigRegion     ...           3  2.050908e-02        -1          -1
319844      319844      1.0   0.25   ttJets_SigRegion     ...           3  9.485313e-02        -1          -1
319845      319845      1.0   0.25   ttJets_SigRegion     ...           3  1.094586e-02        -1          -1
319846      319846      1.0   0.25   ttJets_SigRegion     ...           3  6.140688e-03        -1          -1
319847      319847      1.0   0.25   ttJets_SigRegion     ...           3  1.297225e-01        -1          -1
319848      319848      1.0   0.25   ttJets_SigRegion     ...           3  1.219779e-02        -1          -1
319849      319849      1.0   0.25   ttJets_SigRegion     ...           3  1.953480e-02        -1          -1
319850      319850      1.0   0.25   ttJets_SigRegion     ...           3  1.313007e-02        -1          -1
319851      319851      1.0   0.25   ttJets_SigRegion     ...           3  1.037636e-05        -1          -1
319852      319852      1.0   0.25   ttJets_SigRegion     ...           3  1.527017e-02        -1          -1
319853      319853      1.0   0.25   ttJets_SigRegion     ...           3  7.096151e-02        -1          -1
319854      319854      1.0   0.25   ttJets_SigRegion     ...           3  8.796299e-03        -1          -1
319855      319855      1.0   0.25   ttJets_SigRegion     ...           3  1.293688e-01        -1          -1
319856      319856      1.0   0.25   ttJets_SigRegion     ...           3  2.210104e-02        -1          -1
319857      319857      1.0   0.25   ttJets_SigRegion     ...           3  6.470233e-03        -1          -1
319858      319858      1.0   0.25   ttJets_SigRegion     ...           3  5.311955e-03        -1          -1
319859      319859      1.0   0.25   ttJets_SigRegion     ...           3  2.707414e-02        -1          -1
319860      319860      1.0   0.25   ttJets_SigRegion     ...           3  1.428698e-02        -1          -1
319861      319861      1.0   0.25   ttJets_SigRegion     ...           3  1.009792e-01        -1          -1
319862      319862      1.0   0.25   ttJets_SigRegion     ...           3  3.954074e-02        -1          -1
319863      319863      1.0   0.25   ttJets_SigRegion     ...           3  2.312274e-01        -1          -1
319864      319864      1.0   0.25   ttJets_SigRegion     ...           3  1.551005e-02        -1          -1

[319865 rows x 12 columns]
finish assining bkgs, data is         Unnamed: 0  entries  error                key     ...      target  totalWeight vor_point  vor_region
0            37044      1.0   0.00  ttHnobb_SigRegion     ...           1     0.000139         0       37726
1            31420      1.0   0.00  ttHnobb_SigRegion     ...           1     0.001648         1        1796
2            59828      1.0   0.00  ttHnobb_SigRegion     ...           1     0.001113         2       23552
3            75537      1.0   0.00  ttHnobb_SigRegion     ...           1     0.001023         3       17789
4            77226      1.0   0.00  ttHnobb_SigRegion     ...           1     0.000079         4       46535
5           153977      1.0   0.15  ttWJets_SigRegion     ...           2     0.001371     42930       21259
6           195747      1.0   0.15  ttWJets_SigRegion     ...           2     0.002417      5423       42423
7           240078      1.0   0.15  ttZJets_SigRegion     ...           2     0.002292      1522       31266
8           160703      1.0   0.15  ttWJets_SigRegion     ...           2     0.000307     12433       36201
9           102263      1.0   0.15  ttWJets_SigRegion     ...           2     0.001714     45101       31247
10           27162      1.0   0.00  ttHnobb_SigRegion     ...           1     0.001792         5       36188
11           82001      1.0   0.00  ttHnobb_SigRegion     ...           1     0.001119         6       16712
12          185589      1.0   0.15  ttWJets_SigRegion     ...           2     0.001690      7849       26249
13           27440      1.0   0.00  ttHnobb_SigRegion     ...           1     0.000142         7       45321
14          217327      1.0   0.15  ttWJets_SigRegion     ...           2     0.000132     28091       30765
15          165616      1.0   0.15  ttWJets_SigRegion     ...           2     0.002381     11657       19704
16          226534      1.0   0.15  ttWJets_SigRegion     ...           2     0.000076      4847       46342
17          260696      1.0   0.15  ttZJets_SigRegion     ...           2     0.001552     16959       42514
18          116685      1.0   0.15  ttWJets_SigRegion     ...           2     0.002480     31499        2926
19           48881      1.0   0.00  ttHnobb_SigRegion     ...           1     0.001077         8       22210
20          259050      1.0   0.15  ttZJets_SigRegion     ...           2     0.001821     27470       18673
21          319234      1.0   0.25   ttJets_SigRegion     ...           3     0.016756     22536       16979
22          258494      1.0   0.15  ttZJets_SigRegion     ...           2     0.001141     37064        2151
23          166803      1.0   0.15  ttWJets_SigRegion     ...           2     0.001713     23980        3137
24          200654      1.0   0.15  ttWJets_SigRegion     ...           2     0.001223      7991       32072
25           96995      1.0   0.15  ttWJets_SigRegion     ...           2     0.001203     27259        4769
26          118875      1.0   0.15  ttWJets_SigRegion     ...           2     0.001564     11119        2803
27          197759      1.0   0.15  ttWJets_SigRegion     ...           2     0.001546     13965       32022
28          281355      1.0   0.15  ttZJets_SigRegion     ...           2     0.002639     12501       20232
29          157634      1.0   0.15  ttWJets_SigRegion     ...           2     0.001205     27831       13389
...            ...      ...    ...                ...     ...         ...          ...       ...         ...
159903       28468      1.0   0.00  ttHnobb_SigRegion     ...           1     0.001209     46908       36289
159904       10240      1.0   0.00  ttHnobb_SigRegion     ...           1     0.001217     46909        5234
159905      222124      1.0   0.15  ttWJets_SigRegion     ...           2     0.001297     45319       44760
159906      311935      1.0   0.25   ttJets_SigRegion     ...           3     0.025482     31757        7944
159907      108318      1.0   0.15  ttWJets_SigRegion     ...           2     0.001952     41272       30125
159908      100173      1.0   0.15  ttWJets_SigRegion     ...           2     0.001673      2908       13296
159909       20519      1.0   0.00  ttHnobb_SigRegion     ...           1     0.001286     46910        2234
159910      137839      1.0   0.15  ttWJets_SigRegion     ...           2     0.001643     28841        7774
159911      130606      1.0   0.15  ttWJets_SigRegion     ...           2     0.000178     36483       18526
159912       94522      1.0   0.15  ttWJets_SigRegion     ...           2     0.001779      3649         620
159913       60041      1.0   0.00  ttHnobb_SigRegion     ...           1     0.000098     46911       11516
159914      127649      1.0   0.15  ttWJets_SigRegion     ...           2     0.001211      8145       10035
159915      247400      1.0   0.15  ttZJets_SigRegion     ...           2     0.002476     42877       14545
159916      299741      1.0   0.15  ttZJets_SigRegion     ...           2     0.001101     25728       44286
159917       53311      1.0   0.00  ttHnobb_SigRegion     ...           1     0.001093     46912       10297
159918       48042      1.0   0.00  ttHnobb_SigRegion     ...           1     0.001402     46913        6870
159919      211084      1.0   0.15  ttWJets_SigRegion     ...           2     0.001446      6026       22687
159920      183098      1.0   0.15  ttWJets_SigRegion     ...           2     0.001184     30359         908
159921      182407      1.0   0.15  ttWJets_SigRegion     ...           2     0.001437     44103       29999
159922      221437      1.0   0.15  ttWJets_SigRegion     ...           2     0.000189     17781       33569
159923      302711      1.0   0.15  ttZJets_SigRegion     ...           2     0.001518     15575       43570
159924      154926      1.0   0.15  ttWJets_SigRegion     ...           2     0.001559      5587       12624
159925      253609      1.0   0.15  ttZJets_SigRegion     ...           2     0.002780     25719        7632
159926      128672      1.0   0.15  ttWJets_SigRegion     ...           2     0.001533     16623        2776
159927       48654      1.0   0.00  ttHnobb_SigRegion     ...           1     0.000297     46914       11478
159928      178390      1.0   0.15  ttWJets_SigRegion     ...           2     0.001206     41250       12147
159929      136806      1.0   0.15  ttWJets_SigRegion     ...           2     0.001480     44575       10066
159930      253851      1.0   0.15  ttZJets_SigRegion     ...           2     0.000226     14751        5294
159931      155476      1.0   0.15  ttWJets_SigRegion     ...           2     0.002253     25054         505
159932       14009      1.0   0.00  ttHnobb_SigRegion     ...           1     0.001129     46915       24447

[159933 rows x 12 columns] 
finish calculate siginificance, after sorting df_vor is              b1        b2  entrie_b1  entrie_b2     ...      sumw2_b2       sumw2_s  vor_point  vor_region
0      0.000000  0.000000        0.0        0.0     ...      0.000000  9.223697e-06       5758       39655
1      0.000000  0.000000        0.0        0.0     ...      0.000000  2.095310e-05      24455         272
2      0.000000  0.000000        0.0        0.0     ...      0.000000  6.556764e-06      28287       30225
3      0.000000  0.000000        0.0        0.0     ...      0.000000  7.743339e-06      27621       46297
4      0.000000  0.000000        0.0        0.0     ...      0.000000  8.004512e-06      32360       46739
5      0.000000  0.000000        0.0        0.0     ...      0.000000  1.550918e-05      34056       19252
6      0.000000  0.000000        0.0        0.0     ...      0.000000  1.439774e-05      30143        1083
7      0.000000  0.000000        0.0        0.0     ...      0.000000  7.376917e-06      24253       42923
8      0.000000  0.000000        0.0        0.0     ...      0.000000  8.036776e-06      23784       40877
9      0.000000  0.000000        0.0        0.0     ...      0.000000  6.966268e-06      30325       18876
10     0.000000  0.000000        0.0        0.0     ...      0.000000  1.368118e-05      18398       41010
11     0.000000  0.000000        0.0        0.0     ...      0.000000  1.271631e-05      39554       19203
12     0.000000  0.000000        0.0        0.0     ...      0.000000  1.228415e-05      10367        2419
13     0.000000  0.000000        0.0        0.0     ...      0.000000  1.226942e-05        815       44862
14     0.000000  0.000000        0.0        0.0     ...      0.000000  1.205458e-05      39899       24580
15     0.000000  0.000000        0.0        0.0     ...      0.000000  1.094320e-05      35976       28559
16     0.000000  0.000000        0.0        0.0     ...      0.000000  6.118732e-06       7664       39214
17     0.000000  0.000000        0.0        0.0     ...      0.000000  6.448549e-06      41258       33196
18     0.000000  0.000000        0.0        0.0     ...      0.000000  1.239796e-05      34219       19088
19     0.000000  0.000000        0.0        0.0     ...      0.000000  5.637989e-06      16945       44515
20     0.000000  0.000000        0.0        0.0     ...      0.000000  5.798027e-06      14798       34311
21     0.000000  0.000000        0.0        0.0     ...      0.000000  1.088438e-05      34775       10984
22     0.000000  0.000000        0.0        0.0     ...      0.000000  1.069029e-05      19761       19449
23     0.000000  0.000000        0.0        0.0     ...      0.000000  1.061106e-05      46584       11886
24     0.000000  0.000000        0.0        0.0     ...      0.000000  5.332640e-06      25547       23484
25     0.000000  0.000000        0.0        0.0     ...      0.000000  1.041604e-05      25430        3794
26     0.000000  0.000000        0.0        0.0     ...      0.000000  1.037708e-05      30944       34682
27     0.000000  0.000000        0.0        0.0     ...      0.000000  5.659201e-06      17137       44585
28     0.000000  0.000000        0.0        0.0     ...      0.000000  1.027775e-05      39888       42559
29     0.000000  0.000000        0.0        0.0     ...      0.000000  5.487044e-06      17706       10949
...         ...       ...        ...        ...     ...           ...           ...        ...         ...
46885  0.002706  0.000000        2.0        0.0     ...      0.000000  5.927970e-16        425       43085
46886  0.004108  0.000000        2.0        0.0     ...      0.000000  6.071787e-16      13611       34509
46887  0.002343  0.048435        2.0        1.0     ...      0.002346  2.257871e-15      39360        7654
46888  0.009572  0.009232        7.0        1.0     ...      0.000048  6.975184e-16      29835        7499
46889  0.000750  0.000000        1.0        0.0     ...      0.000000  3.998960e-16      37583        6046
46890  0.007574  0.000000        6.0        0.0     ...      0.000000  5.032510e-16      43344        8054
46891  0.002569  0.101953        2.0        1.0     ...      0.010394  2.687898e-15        732       35272
46892  0.014997  0.033615        9.0        1.0     ...      0.001130  1.251275e-15      30333        4086
46893  0.023051  0.018830       17.0        2.0     ...      0.000180  9.144266e-16      12125        2518
46894  0.003835  0.000000        4.0        0.0     ...      0.000000  3.280141e-16      27209        5648
46895  0.002816  0.000000        2.0        0.0     ...      0.000000  3.043266e-16      18793       25568
46896  0.003879  0.000000        5.0        0.0     ...      0.000000  3.037497e-16      28995        8689
46897  0.001124  0.000000        1.0        0.0     ...      0.000000  2.353784e-16      39549       25089
46898  0.011264  0.000000        5.0        0.0     ...      0.000000  2.972999e-16      44936        5386
46899  0.006392  0.000000        3.0        0.0     ...      0.000000  2.490755e-16      17412       12030
46900  0.003616  0.000000        2.0        0.0     ...      0.000000  1.841702e-16        533        5401
46901  0.001309  0.000000        1.0        0.0     ...      0.000000  1.421709e-16      21597       31188
46902  0.003169  0.000000        2.0        0.0     ...      0.000000  1.521066e-16      13069       40552
46903  0.009518  0.000000        4.0        0.0     ...      0.000000  1.578375e-16      11394        8418
46904  0.006019  0.000000        6.0        0.0     ...      0.000000  1.373001e-16      41588        6434
46905  0.005494  0.000000        4.0        0.0     ...      0.000000  1.268575e-16      45196        5172
46906  0.001108  0.000000        1.0        0.0     ...      0.000000  1.010278e-16      22544        9469
46907  0.002977  0.000000        2.0        0.0     ...      0.000000  9.161628e-17      39820       18898
46908  0.001989  0.000000        1.0        0.0     ...      0.000000  3.940689e-18      17540       24267
46909  0.004917  0.005901        5.0        1.0     ...      0.000035  4.106170e-18      17086        4485
46910  0.004483  0.000000        3.0        0.0     ...      0.000000  1.663620e-18      36818         790
46911  0.001816  0.000000        2.0        0.0     ...      0.000000  7.882319e-19       1759        3821
46912  0.001263  0.000000        1.0        0.0     ...      0.000000  9.158107e-21       5108       21338
46913  0.003298  0.000000        2.0        0.0     ...      0.000000  4.276680e-21      43226       38984
46914  0.006235  0.044090        4.0        1.0     ...      0.001944  1.012416e-19      37494        9599

[46915 rows x 13 columns]
finish merge algorithm df_vor is saved into ../output/QT100/TrainFrac0.5_PairNegWgtSort_Delta1_GroupEvt-1_useErrFalse_minMC-1_maxErr999_df_vor.csv 
 overtrain test: 
 df_vor_train is - 
                   s       sumw2_s            b1      sumw2_b1            b2      sumw2_b2  significance
vor_label                                                                                              
0          8.599588  1.364021e-02  0.000000e+00  0.000000e+00  7.023990e-07  4.933644e-13     16.044438
1          1.446510  1.517175e-03  0.000000e+00  0.000000e+00  6.099250e-07  3.720085e-13      6.176045
2          1.893151  1.423410e-03  8.658819e-07  7.497515e-13  0.000000e+00  0.000000e+00      7.137226
3          0.085274  1.303744e-05  0.000000e+00  0.000000e+00  8.289821e-07  6.872113e-13      1.328837
4          3.651826  7.304693e-03  8.470003e+00  1.651216e-02  4.399804e-01  8.091253e-03      1.150043
5          0.818580  1.448822e-03  2.200510e+00  4.309624e-03  1.867380e-01  5.145663e-03      0.500910
6          0.545317  1.207121e-03  9.915917e-01  1.991480e-03  4.086464e-02  2.190199e-04      0.491802
7          5.818638  9.225096e-03  1.747706e+01  3.385130e-02  1.406559e+00  2.407056e-02      1.277069
8          3.819422  5.312600e-03  1.311094e+01  2.510401e-02  1.197412e+00  2.128215e-02      0.968457
9          3.457064  4.406072e-03  1.302903e+01  2.508316e-02  2.023553e+00  4.848607e-02      0.859293
10         1.091539  1.328623e-03  4.432740e+00  8.443323e-03  9.383379e-01  2.369673e-02      0.455472
11         2.104468  2.504675e-03  9.177620e+00  1.759385e-02  3.373849e+00  1.202830e-01      0.578073
12         1.981596  2.267843e-03  8.767420e+00  1.674062e-02  4.114882e+00  1.871666e-01      0.538415
13         0.956081  1.084121e-03  4.473082e+00  8.427846e-03  2.943361e+00  1.304640e-01      0.343473
14         0.925196  1.004815e-03  4.621508e+00  8.870931e-03  3.493930e+00  1.601446e-01      0.318492
15         0.932770  1.054031e-03  4.350368e+00  8.364099e-03  4.563134e+00  2.093737e-01      0.306817
16         0.921122  1.027927e-03  4.315056e+00  8.369600e-03  6.296397e+00  2.888141e-01      0.278471
17         0.472374  5.597726e-04  2.308504e+00  4.420360e-03  3.997341e+00  1.960311e-01      0.185410
18         1.392159  1.588775e-03  6.086283e+00  1.176683e-02  1.689050e+01  9.681941e-01      0.287345
19         0.846953  9.399545e-04  3.920090e+00  7.475742e-03  1.615364e+01  1.092193e+00      0.187534
20         0.678087  7.011694e-04  4.107612e+00  7.852714e-03  2.071938e+01  1.621025e+00      0.135355
21         0.170755  1.509321e-04  1.565923e+00  2.963867e-03  1.918224e+00  1.773925e-01      0.090438
22         0.213176  2.079112e-04  1.833196e+00  3.488968e-03  4.491412e+00  4.192858e-01      0.084072
23         0.317986  1.435396e-04  4.765366e+00  9.101551e-03  1.540341e+00  1.557178e-01      0.125421
24         0.092108  3.992649e-05  1.612164e+00  3.097881e-03  5.328280e-01  4.557441e-02      0.062205
25         0.215043  6.160714e-05  5.256430e+00  9.924117e-03  1.285423e+00  4.180158e-02      0.083513
26         0.061250  1.819449e-05  1.797255e+00  3.375866e-03  7.592439e-01  3.981648e-02      0.038031
27         0.113808  2.831497e-05  3.816454e+00  7.258309e-03  1.819612e+00  7.989232e-02      0.047707
28         0.053496  1.737786e-05  1.936002e+00  3.682421e-03  1.130600e+00  5.339591e-02      0.030373
29         0.050568  2.069668e-05  2.008121e+00  3.860416e-03  1.334125e+00  5.108435e-02      0.027516
30         0.095432  3.515203e-05  4.091882e+00  7.802760e-03  6.719897e+00  4.254825e-01      0.028944
31         0.037187  1.084860e-05  1.912073e+00  3.625245e-03  6.518769e+00  5.054370e-01      0.012769
32         0.034170  2.315391e-05  2.251849e+00  4.471186e-03  7.343660e+00  5.011460e-01      0.011003
33         0.015234  1.370714e-05  2.210694e+00  4.174693e-03  4.758478e+00  3.790558e-01      0.005756
34         0.004619  1.963983e-06  1.827023e+00  3.512352e-03  1.984510e+00  1.366591e-01      0.002358
35         0.000913  6.992544e-06  2.007036e+00  3.879179e-03  2.903935e+00  2.217621e-01      0.000411
36         0.000123  4.560098e-11  2.327114e+00  4.489042e-03  2.385247e+00  1.175184e-01      0.000056 
 overtrain test: 
 df_vor_test is - 
                   b1         b2         s  significance  sumw2_b1  sumw2_b2   sumw2_s
vor_label                                                                            
0.0         6.419018   5.943555  3.916461      1.060730  0.012358  0.450173  0.005417
1.0         1.658562   1.445659  0.971869      0.524186  0.003230  0.115823  0.001336
2.0         4.412691   3.628252  3.012923      1.003420  0.008442  0.250613  0.004134
3.0         0.932844   0.934988  0.676141      0.465703  0.001768  0.046013  0.000961
4.0         6.980451   5.314385  2.042914      0.567054  0.013391  0.301111  0.002794
5.0         1.784762   1.743149  0.488299      0.253509  0.003460  0.105990  0.000655
6.0         1.120714   1.023825  0.406206      0.267904  0.002109  0.071667  0.000571
7.0        15.120427  11.910655  3.794774      0.713470  0.029016  0.710095  0.005192
8.0        11.470940   8.582617  2.927132      0.638332  0.022084  0.504590  0.004030
9.0        11.521678  11.126452  2.901662      0.597063  0.022204  0.743797  0.004007
10.0        3.965186   3.510504  1.022386      0.365345  0.007712  0.246485  0.001423
11.0        8.063500   7.781129  2.066006      0.507971  0.015594  0.445775  0.002882
12.0        8.246773   6.587583  1.891264      0.480800  0.015834  0.408184  0.002553
13.0        4.060980   3.160490  1.027688      0.373339  0.007673  0.148296  0.001441
14.0        3.957628   3.140393  0.969531      0.355561  0.007622  0.181831  0.001372
15.0        4.187104   2.969549  0.959449      0.350579  0.008088  0.174586  0.001329
16.0        4.146002   2.804900  1.044492      0.386295  0.007992  0.121505  0.001430
17.0        2.281229   2.874618  0.551501      0.238166  0.004315  0.178993  0.000750
18.0        6.201470   5.884403  1.498550      0.422201  0.011913  0.318311  0.002080
19.0        4.355933   4.400845  0.953150      0.316107  0.008411  0.236072  0.001296
20.0        4.347245   4.095639  0.940444      0.317510  0.008277  0.266693  0.001316
21.0        1.470341   0.816713  0.502032      0.319524  0.002811  0.028408  0.000681
22.0        1.864168   2.135433  0.445566      0.218198  0.003613  0.174095  0.000604
23.0        4.334760   5.375072  1.379057      0.432114  0.008276  0.381968  0.001916
24.0        1.504211   1.784183  0.439265      0.236256  0.002884  0.116709  0.000587
25.0        4.757556   5.209086  1.387339      0.429304  0.009146  0.347912  0.001872
26.0        1.527351   1.037072  0.452683      0.273898  0.002944  0.059145  0.000616
27.0        3.324390   3.091140  0.944304      0.363580  0.006412  0.223604  0.001256
28.0        1.693559   1.882631  0.462776      0.238925  0.003278  0.116487  0.000612
29.0        1.793603   1.810782  0.488824      0.251187  0.003412  0.112877  0.000668
30.0        3.699880   3.562595  0.973973      0.353226  0.007063  0.182835  0.001344
31.0        1.984240   1.552888  0.459446      0.238599  0.003858  0.089343  0.000613
32.0        1.972181   1.970095  0.478410      0.235648  0.003767  0.090200  0.000682
33.0        2.201123   1.637997  0.505327      0.251893  0.004270  0.080583  0.000688
34.0        1.838840   1.230781  0.428262      0.238326  0.003479  0.063482  0.000580
35.0        1.759169   1.413610  0.486789      0.265863  0.003379  0.059454  0.000686
36.0        1.890749   1.655002  0.479431      0.248440  0.003469  0.069230  0.000656
