        Unnamed: 0  entries  error                key     ...      target   totalWeight vor_point  vor_region
0                0      1.0   0.00  ttHnobb_SigRegion     ...           1  1.829139e-03        -1          -1
1                1      1.0   0.00  ttHnobb_SigRegion     ...           1  8.212150e-04        -1          -1
2                2      1.0   0.00  ttHnobb_SigRegion     ...           1  3.873627e-07        -1          -1
3                3      1.0   0.00  ttHnobb_SigRegion     ...           1  1.038602e-03        -1          -1
4                4      1.0   0.00  ttHnobb_SigRegion     ...           1  1.540802e-03        -1          -1
5                5      1.0   0.00  ttHnobb_SigRegion     ...           1  1.385942e-03        -1          -1
6                6      1.0   0.00  ttHnobb_SigRegion     ...           1  1.265702e-03        -1          -1
7                7      1.0   0.00  ttHnobb_SigRegion     ...           1  1.445639e-03        -1          -1
8                8      1.0   0.00  ttHnobb_SigRegion     ...           1  9.797610e-04        -1          -1
9                9      1.0   0.00  ttHnobb_SigRegion     ...           1  1.020883e-03        -1          -1
10              10      1.0   0.00  ttHnobb_SigRegion     ...           1  7.622138e-04        -1          -1
11              11      1.0   0.00  ttHnobb_SigRegion     ...           1  1.108466e-03        -1          -1
12              12      1.0   0.00  ttHnobb_SigRegion     ...           1  9.384358e-05        -1          -1
13              13      1.0   0.00  ttHnobb_SigRegion     ...           1  1.137610e-03        -1          -1
14              14      1.0   0.00  ttHnobb_SigRegion     ...           1  1.590768e-03        -1          -1
15              15      1.0   0.00  ttHnobb_SigRegion     ...           1  1.820321e-03        -1          -1
16              16      1.0   0.00  ttHnobb_SigRegion     ...           1  1.506864e-03        -1          -1
17              17      1.0   0.00  ttHnobb_SigRegion     ...           1  1.715936e-03        -1          -1
18              18      1.0   0.00  ttHnobb_SigRegion     ...           1  1.043947e-03        -1          -1
19              19      1.0   0.00  ttHnobb_SigRegion     ...           1  1.246160e-03        -1          -1
20              20      1.0   0.00  ttHnobb_SigRegion     ...           1  8.313861e-05        -1          -1
21              21      1.0   0.00  ttHnobb_SigRegion     ...           1  1.324454e-03        -1          -1
22              22      1.0   0.00  ttHnobb_SigRegion     ...           1  9.314092e-04        -1          -1
23              23      1.0   0.00  ttHnobb_SigRegion     ...           1  3.413145e-07        -1          -1
24              24      1.0   0.00  ttHnobb_SigRegion     ...           1  1.173123e-03        -1          -1
25              25      1.0   0.00  ttHnobb_SigRegion     ...           1  7.120798e-04        -1          -1
26              26      1.0   0.00  ttHnobb_SigRegion     ...           1  1.014601e-03        -1          -1
27              27      1.0   0.00  ttHnobb_SigRegion     ...           1  1.015034e-03        -1          -1
28              28      1.0   0.00  ttHnobb_SigRegion     ...           1  1.083808e-03        -1          -1
29              29      1.0   0.00  ttHnobb_SigRegion     ...           1  1.097549e-03        -1          -1
...            ...      ...    ...                ...     ...         ...           ...       ...         ...
319835      319835      1.0   0.25   ttJets_SigRegion     ...           3  4.474914e-02        -1          -1
319836      319836      1.0   0.25   ttJets_SigRegion     ...           3  8.066067e-03        -1          -1
319837      319837      1.0   0.25   ttJets_SigRegion     ...           3  5.937949e-03        -1          -1
319838      319838      1.0   0.25   ttJets_SigRegion     ...           3  3.138841e-02        -1          -1
319839      319839      1.0   0.25   ttJets_SigRegion     ...           3  8.159769e-02        -1          -1
319840      319840      1.0   0.25   ttJets_SigRegion     ...           3  1.210454e-02        -1          -1
319841      319841      1.0   0.25   ttJets_SigRegion     ...           3  2.292633e-02        -1          -1
319842      319842      1.0   0.25   ttJets_SigRegion     ...           3  1.483709e-02        -1          -1
319843      319843      1.0   0.25   ttJets_SigRegion     ...           3  2.050908e-02        -1          -1
319844      319844      1.0   0.25   ttJets_SigRegion     ...           3  9.485313e-02        -1          -1
319845      319845      1.0   0.25   ttJets_SigRegion     ...           3  1.094586e-02        -1          -1
319846      319846      1.0   0.25   ttJets_SigRegion     ...           3  6.140688e-03        -1          -1
319847      319847      1.0   0.25   ttJets_SigRegion     ...           3  1.297225e-01        -1          -1
319848      319848      1.0   0.25   ttJets_SigRegion     ...           3  1.219779e-02        -1          -1
319849      319849      1.0   0.25   ttJets_SigRegion     ...           3  1.953480e-02        -1          -1
319850      319850      1.0   0.25   ttJets_SigRegion     ...           3  1.313007e-02        -1          -1
319851      319851      1.0   0.25   ttJets_SigRegion     ...           3  1.037636e-05        -1          -1
319852      319852      1.0   0.25   ttJets_SigRegion     ...           3  1.527017e-02        -1          -1
319853      319853      1.0   0.25   ttJets_SigRegion     ...           3  7.096151e-02        -1          -1
319854      319854      1.0   0.25   ttJets_SigRegion     ...           3  8.796299e-03        -1          -1
319855      319855      1.0   0.25   ttJets_SigRegion     ...           3  1.293688e-01        -1          -1
319856      319856      1.0   0.25   ttJets_SigRegion     ...           3  2.210104e-02        -1          -1
319857      319857      1.0   0.25   ttJets_SigRegion     ...           3  6.470233e-03        -1          -1
319858      319858      1.0   0.25   ttJets_SigRegion     ...           3  5.311955e-03        -1          -1
319859      319859      1.0   0.25   ttJets_SigRegion     ...           3  2.707414e-02        -1          -1
319860      319860      1.0   0.25   ttJets_SigRegion     ...           3  1.428698e-02        -1          -1
319861      319861      1.0   0.25   ttJets_SigRegion     ...           3  1.009792e-01        -1          -1
319862      319862      1.0   0.25   ttJets_SigRegion     ...           3  3.954074e-02        -1          -1
319863      319863      1.0   0.25   ttJets_SigRegion     ...           3  2.312274e-01        -1          -1
319864      319864      1.0   0.25   ttJets_SigRegion     ...           3  1.551005e-02        -1          -1

[319865 rows x 12 columns]
