        Unnamed: 0  bin_region  entries  error    ...     target  totalWeight  vor_point vor_region
0                0          -1      1.0   0.00    ...          1     0.000931         -1         -1
1                1          -1      1.0   0.00    ...          1     0.000904         -1         -1
2                2          -1      1.0   0.00    ...          1     0.001255         -1         -1
3                3          -1      1.0   0.00    ...          1     0.000794         -1         -1
4                4          -1      1.0   0.00    ...          1     0.000154         -1         -1
5                5          -1      1.0   0.00    ...          1     0.000249         -1         -1
6                6          -1      1.0   0.00    ...          1     0.000012         -1         -1
7                7          -1      1.0   0.00    ...          1     0.000043         -1         -1
8                8          -1      1.0   0.00    ...          1     0.000201         -1         -1
9                9          -1      1.0   0.00    ...          1     0.000867         -1         -1
10              10          -1      1.0   0.00    ...          1     0.000654         -1         -1
11              11          -1      1.0   0.00    ...          1     0.001138         -1         -1
12              12          -1      1.0   0.00    ...          1     0.000103         -1         -1
13              13          -1      1.0   0.00    ...          1     0.002160         -1         -1
14              14          -1      1.0   0.00    ...          1     0.000068         -1         -1
15              15          -1      1.0   0.00    ...          1     0.000595         -1         -1
16              16          -1      1.0   0.00    ...          1     0.001252         -1         -1
17              17          -1      1.0   0.00    ...          1     0.001283         -1         -1
18              18          -1      1.0   0.00    ...          1     0.000706         -1         -1
19              19          -1      1.0   0.00    ...          1     0.001219         -1         -1
20              20          -1      1.0   0.00    ...          1     0.000757         -1         -1
21              21          -1      1.0   0.00    ...          1     0.000178         -1         -1
22              22          -1      1.0   0.00    ...          1     0.000809         -1         -1
23              23          -1      1.0   0.00    ...          1     0.000120         -1         -1
24              24          -1      1.0   0.00    ...          1     0.000818         -1         -1
25              25          -1      1.0   0.00    ...          1     0.000122         -1         -1
26              26          -1      1.0   0.00    ...          1     0.001513         -1         -1
27              27          -1      1.0   0.00    ...          1     0.001056         -1         -1
28              28          -1      1.0   0.00    ...          1     0.001457         -1         -1
29              29          -1      1.0   0.00    ...          1     0.001552         -1         -1
...            ...         ...      ...    ...    ...        ...          ...        ...        ...
331089      331089          -1      1.0   0.25    ...          3     0.039861         -1         -1
331090      331090          -1      1.0   0.25    ...          3     0.025259         -1         -1
331091      331091          -1      1.0   0.25    ...          3     0.005239         -1         -1
331092      331092          -1      1.0   0.25    ...          3     0.000012         -1         -1
331093      331093          -1      1.0   0.25    ...          3     0.008285         -1         -1
331094      331094          -1      1.0   0.25    ...          3     0.071041         -1         -1
331095      331095          -1      1.0   0.25    ...          3     0.000595         -1         -1
331096      331096          -1      1.0   0.25    ...          3     0.006844         -1         -1
331097      331097          -1      1.0   0.25    ...          3     0.003581         -1         -1
331098      331098          -1      1.0   0.25    ...          3     0.019769         -1         -1
331099      331099          -1      1.0   0.25    ...          3     0.000836         -1         -1
331100      331100          -1      1.0   0.25    ...          3     0.057653         -1         -1
331101      331101          -1      1.0   0.25    ...          3     0.041156         -1         -1
331102      331102          -1      1.0   0.25    ...          3     0.000239         -1         -1
331103      331103          -1      1.0   0.25    ...          3     0.003585         -1         -1
331104      331104          -1      1.0   0.25    ...          3     0.000813         -1         -1
331105      331105          -1      1.0   0.25    ...          3     0.039669         -1         -1
331106      331106          -1      1.0   0.25    ...          3     0.006707         -1         -1
331107      331107          -1      1.0   0.25    ...          3     0.027722         -1         -1
331108      331108          -1      1.0   0.25    ...          3     0.001497         -1         -1
331109      331109          -1      1.0   0.25    ...          3     0.061382         -1         -1
331110      331110          -1      1.0   0.25    ...          3     0.050665         -1         -1
331111      331111          -1      1.0   0.25    ...          3     0.043906         -1         -1
331112      331112          -1      1.0   0.25    ...          3     0.005604         -1         -1
331113      331113          -1      1.0   0.25    ...          3     0.006474         -1         -1
331114      331114          -1      1.0   0.25    ...          3     0.052202         -1         -1
331115      331115          -1      1.0   0.25    ...          3     0.005631         -1         -1
331116      331116          -1      1.0   0.25    ...          3     0.000113         -1         -1
331117      331117          -1      1.0   0.25    ...          3     0.059211         -1         -1
331118      331118          -1      1.0   0.25    ...          3     0.007236         -1         -1

[331119 rows x 13 columns]
finish calculate siginificance, after sorting df_hist is            b1         b2  bin_region  entrie_b1  entrie_b2    ...      x_highedge  x_lowedge  y_center  y_highedge  y_lowedge
0    0.837669   0.800771          99      678.0       20.0    ...        1.000000   0.531512  0.755735    1.000000   0.511469
1    0.530535   0.684755          89      452.0       15.0    ...        0.531512   0.381531  0.755735    1.000000   0.511469
2    0.847482   0.573514          88      665.0       13.0    ...        0.531512   0.381531  0.451027    0.511469   0.390584
3    0.956176   0.470350          98      690.0       11.0    ...        1.000000   0.531512  0.451027    0.511469   0.390584
4    0.249239   0.160743          69      214.0        9.0    ...        0.271430   0.177281  0.755735    1.000000   0.511469
5    0.374982   0.561944          79      308.0       13.0    ...        0.381531   0.271430  0.755735    1.000000   0.511469
6    0.733551   0.608425          78      599.0       21.0    ...        0.381531   0.271430  0.451027    0.511469   0.390584
7    0.620505   0.392249          68      499.0       20.0    ...        0.271430   0.177281  0.451027    0.511469   0.390584
8    0.787829   0.404001          67      608.0       18.0    ...        0.271430   0.177281  0.340483    0.390584   0.290382
9    0.481496   0.104923          48      398.0       15.0    ...        0.090026   0.002367  0.451027    0.511469   0.390584
10   0.897101   0.620741          87      656.0       15.0    ...        0.531512   0.381531  0.340483    0.390584   0.290382
11   0.796883   0.294730          97      574.0       10.0    ...        1.000000   0.531512  0.340483    0.390584   0.290382
12   0.902260   0.563996          77      706.0       19.0    ...        0.381531   0.271430  0.340483    0.390584   0.290382
13   0.522454   0.514663          58      449.0       22.0    ...        0.177281   0.090026  0.451027    0.511469   0.390584
14   0.832142   0.513637          57      635.0       18.0    ...        0.177281   0.090026  0.340483    0.390584   0.290382
15   0.992798   0.469775          36      769.0       40.0    ...        0.002367  -0.092546  0.244664    0.290382   0.198946
16   0.885732   0.396993          66      686.0       15.0    ...        0.271430   0.177281  0.244664    0.290382   0.198946
17   0.784830   0.742052          47      638.0       30.0    ...        0.090026   0.002367  0.340483    0.390584   0.290382
18   0.940197   0.766098          56      714.0       21.0    ...        0.177281   0.090026  0.244664    0.290382   0.198946
19   0.996621   0.236347          65      748.0       17.0    ...        0.271430   0.177281  0.154231    0.198946   0.109516
20   1.066295   0.649414          46      839.0       21.0    ...        0.090026   0.002367  0.244664    0.290382   0.198946
21   0.901733   0.552146          76      665.0       18.0    ...        0.381531   0.271430  0.244664    0.290382   0.198946
22   1.043034   0.240092          75      758.0       16.0    ...        0.381531   0.271430  0.154231    0.198946   0.109516
23   0.903418   0.295797          86      643.0       10.0    ...        0.531512   0.381531  0.244664    0.290382   0.198946
24   1.137440   0.898658          45      861.0       37.0    ...        0.090026   0.002367  0.154231    0.198946   0.109516
25   1.414326   0.970310          25     1084.0       58.0    ...       -0.092546  -0.201087  0.154231    0.198946   0.109516
26   1.455014   0.848904          34     1100.0       55.0    ...        0.002367  -0.092546  0.063363    0.109516   0.017210
27   0.712554   0.835947          37      540.0       30.0    ...        0.002367  -0.092546  0.340483    0.390584   0.290382
28   0.991699   1.004516          26      815.0       41.0    ...       -0.092546  -0.201087  0.244664    0.290382   0.198946
29   1.181776   1.022696          35      928.0       47.0    ...        0.002367  -0.092546  0.154231    0.198946   0.109516
..        ...        ...         ...        ...        ...    ...             ...        ...       ...         ...        ...
70   0.620736   0.214625          94      414.0        4.0    ...        1.000000   0.531512  0.063363    0.109516   0.017210
71   2.143826   1.362306          51     1487.0       51.0    ...        0.177281   0.090026 -0.232363   -0.173542  -0.291184
72   0.919519   0.233629          82      637.0        9.0    ...        0.531512   0.381531 -0.124447   -0.075352  -0.173542
73  13.552323  24.320179           0     9648.0     1094.0    ...       -0.351925  -1.000000 -0.645592   -0.291184  -1.000000
74   0.992382   0.375233          83      669.0       11.0    ...        0.531512   0.381531 -0.029071    0.017210  -0.075352
75   0.255032   0.426900          17      229.0       19.0    ...       -0.201087  -0.351925  0.340483    0.390584   0.290382
76   2.553693   2.262854          41     1754.0       71.0    ...        0.090026   0.002367 -0.232363   -0.173542  -0.291184
77   0.624625   1.188443           5      515.0       33.0    ...       -0.351925  -1.000000  0.154231    0.198946   0.109516
78   7.606738   9.071258          10     5284.0      376.0    ...       -0.201087  -0.351925 -0.645592   -0.291184  -1.000000
79   4.600359   1.812293          40     2974.0       80.0    ...        0.090026   0.002367 -0.645592   -0.291184  -1.000000
80   5.187761   4.249453          30     3481.0      148.0    ...        0.002367  -0.092546 -0.645592   -0.291184  -1.000000
81   0.630845   0.321643          93      426.0        5.0    ...        1.000000   0.531512 -0.029071    0.017210  -0.075352
82   1.589851   0.877641          71     1024.0       28.0    ...        0.381531   0.271430 -0.232363   -0.173542  -0.291184
83   6.132102   5.731055          20     4188.0      224.0    ...       -0.092546  -0.201087 -0.645592   -0.291184  -1.000000
84   0.201466   0.222407           6      186.0       10.0    ...       -0.351925  -1.000000  0.244664    0.290382   0.198946
85   0.571778   0.074276          92      386.0        4.0    ...        1.000000   0.531512 -0.124447   -0.075352  -0.173542
86   3.841528   1.840070          50     2508.0       61.0    ...        0.177281   0.090026 -0.645592   -0.291184  -1.000000
87   1.073107   0.027972          81      713.0        6.0    ...        0.531512   0.381531 -0.232363   -0.173542  -0.291184
88   0.000000   0.000000          19        0.0        0.0    ...       -0.201087  -0.351925  0.755735    1.000000   0.511469
89   0.049054   0.000000          39       35.0        0.0    ...        0.002367  -0.092546  0.755735    1.000000   0.511469
90   2.672761   0.524654          70     1703.0       18.0    ...        0.381531   0.271430 -0.645592   -0.291184  -1.000000
91   0.725839   0.004785          91      470.0        2.0    ...        1.000000   0.531512 -0.232363   -0.173542  -0.291184
92   3.316585   0.766767          60     2109.0       35.0    ...        0.271430   0.177281 -0.645592   -0.291184  -1.000000
93   1.692504   0.422502          80     1082.0       16.0    ...        0.531512   0.381531 -0.645592   -0.291184  -1.000000
94   0.996194   0.122013          90      648.0        3.0    ...        1.000000   0.531512 -0.645592   -0.291184  -1.000000
95   0.025942   0.100269           7       31.0       10.0    ...       -0.351925  -1.000000  0.340483    0.390584   0.290382
96   0.025196   0.189044          18       30.0        8.0    ...       -0.201087  -0.351925  0.451027    0.511469   0.390584
97   0.009225  -0.000480          29        8.0        2.0    ...       -0.092546  -0.201087  0.755735    1.000000   0.511469
98   0.000000   0.015789           8        0.0        1.0    ...       -0.351925  -1.000000  0.451027    0.511469   0.390584
99   0.000000   0.000000           9        0.0        0.0    ...       -0.351925  -1.000000  0.755735    1.000000   0.511469

[100 rows x 18 columns]
finish merge algorithm df_hist is saved into ../output/2DHist_NXQ10_NYQ10/TrainFrac0.5_PairNegWgt2DHist_Delta1_GroupEvt-1_useErrFalse_minMC-1_maxErr999_df_hist.csv 
 overtrain test: 
 df_hist_train is - 
     bin_label         s   sumw2_s         b1  sumw2_b1         b2  sumw2_b2  significance
0           1  2.794312  0.003836   1.368204  0.002603   1.485526  0.154981      1.449837
1           2  1.735695  0.002439   1.803657  0.003451   1.043864  0.093847      0.940726
2           3  0.472122  0.000671   0.249239  0.000515   0.160743  0.010255      0.620541
3           4  2.015179  0.002807   1.729038  0.003313   1.562617  0.145064      1.015496
4           5  0.585756  0.000797   0.787829  0.001519   0.404001  0.023939      0.495665
5           6  0.417523  0.000569   0.481496  0.000944   0.104923  0.001760      0.485905
6           7  2.781671  0.003844   3.950841  0.007668   2.507767  0.209468      1.025828
7           8  2.586147  0.003616   4.600177  0.008727   2.611264  0.189453      0.911463
8           9  1.882881  0.002609   3.914479  0.007490   1.737449  0.122950      0.751971
9          10  1.676176  0.002270   4.006780  0.007619   2.717871  0.200176      0.621072
10         11  0.970051  0.001317   1.704253  0.003201   1.840463  0.136142      0.492404
11         12  0.518551  0.000676   1.181776  0.002229   1.022696  0.051732      0.335126
12         13  0.391151  0.000526   0.709273  0.001291   0.569073  0.020514      0.327539
13         14  0.543099  0.000744   1.734737  0.003326   0.907962  0.053733      0.322413
14         15  1.227811  0.001657   3.534984  0.006817   3.505125  0.212922      0.449474
15         16  0.261388  0.000363   0.177633  0.000333   0.403039  0.059520      0.311474
16         17  0.467712  0.000625   1.289977  0.002533   0.802589  0.048942      0.310871
17         18  0.354539  0.000521   0.749497  0.001446   0.421239  0.041110      0.310417
18         19  0.888831  0.001214   2.306140  0.004472   1.530024  0.114215      0.436681
19         20  0.356941  0.000465   0.570091  0.001070   0.674389  0.062862      0.303199
20         21  0.549719  0.000748   1.236252  0.002338   1.899922  0.163876      0.300614
21         22  0.461786  0.000644   1.391629  0.002670   0.892412  0.069926      0.294812
22         23  0.328372  0.000462   0.882313  0.001650   0.285410  0.022586      0.288856
23         24  0.666657  0.000891   2.804677  0.005407   2.312274  0.117171      0.288064
24         25  0.354801  0.000495   1.100845  0.002115   0.306105  0.011725      0.285878
25         26  0.245928  0.000336   0.303442  0.000568   0.336189  0.036406      0.284889
26         27  0.495259  0.000718   1.593408  0.003072   1.280121  0.089872      0.283317
27         28  1.201528  0.001609   4.195276  0.007902   4.630753  0.253589      0.395225
28         29  0.286113  0.000405   0.812992  0.001556   0.177005  0.008403      0.272577
29         30  0.542196  0.000744   1.882947  0.003589   1.929406  0.081924      0.270672
..        ...       ...       ...        ...       ...        ...       ...           ...
40         41  0.348262  0.000513   1.550634  0.003004   0.658223  0.044442      0.227642
41         42  0.114547  0.000147   0.141342  0.000259   0.062102  0.001149      0.223911
42         43  0.678300  0.000963   3.950371  0.007578   5.049461  0.294665      0.223043
43         44  0.353463  0.000491   1.846395  0.003595   0.621771  0.028891      0.219146
44         45  0.548642  0.000742   3.333676  0.006417   2.985807  0.143521      0.214845
45         46  0.281713  0.000384   1.236451  0.002380   0.384558  0.022213      0.214125
46         47  0.496951  0.000695   2.909055  0.005650   2.529330  0.162108      0.209574
47         48  0.200897  0.000296   0.620736  0.001223   0.214625  0.020765      0.209551
48         49  0.394695  0.000555   2.143826  0.004125   1.362306  0.078779      0.206464
49         50  0.214723  0.000313   0.919519  0.001758   0.233629  0.012125      0.192699
50         51  1.190533  0.001597  13.552323  0.025719  24.320179  1.427769      0.192381
51         52  0.231448  0.000323   0.992382  0.001968   0.375233  0.022060      0.191471
52         53  0.158954  0.000216   0.255032  0.000475   0.426900  0.024926      0.181737
53         54  0.403616  0.000570   2.553693  0.004916   2.262854  0.135511      0.181037
54         55  0.248857  0.000323   0.624625  0.001158   1.188443  0.113718      0.179295
55         56  0.680070  0.000919   7.606738  0.014598   9.071258  0.517077      0.165297
56         57  0.415595  0.000590   4.600359  0.009124   1.812293  0.095326      0.162176
57         58  0.501790  0.000712   5.187761  0.010119   4.249453  0.256583      0.161757
58         59  0.163493  0.000246   0.630845  0.001181   0.321643  0.034004      0.161528
59         60  0.252627  0.000372   1.589851  0.003112   0.877641  0.062578      0.157623
60         61  0.536352  0.000750   6.132102  0.011806   5.731055  0.339546      0.154434
61         62  0.234241  0.000316   0.773244  0.001493   0.296683  0.014010      0.217077
62         63  0.363882  0.000508   3.841528  0.007490   1.840070  0.103574      0.150844
63         64  0.163153  0.000234   1.073107  0.002090   0.027972  0.000303      0.150339
64         65  0.001726  0.000003   0.000000  0.000000   0.000000  0.000000      0.149314
65         66  0.042157  0.000057   0.049054  0.000106   0.000000  0.000000      0.135455
66         67  0.230312  0.000338   2.672761  0.005284   0.524654  0.028922      0.126945
67         68  0.109810  0.000161   0.725839  0.001408   0.004785  0.000023      0.123483
68         69  0.475534  0.000661   6.005283  0.011834   1.311281  0.060679      0.173741
69         70  0.067866  0.000086   0.060363  0.000105   0.304623  0.011136      0.102712

[70 rows x 8 columns] 
 overtrain test: 
 df_hist_test is - 
            b1            b2  bin_label         s  significance      sumw2_b1      sumw2_b2   sumw2_s
0    1.793647  8.436687e-01        1.0  2.698447      1.451058  3.419308e-03  6.159906e-02  0.003791
1    1.482008  9.334411e-01        2.0  1.929908      1.110094  2.945467e-03  8.321436e-02  0.002683
2    0.762826  1.113332e-01        3.0  0.381297      0.378105  1.473042e-03  1.021318e-02  0.000532
3    2.684540  8.826480e-01        4.0  1.585547      0.784530  5.165291e-03  7.843930e-02  0.002142
4    0.931423  8.383531e-01        5.0  0.524520      0.374537  1.748927e-03  8.632650e-02  0.000736
5    0.916357  2.081544e-01        6.0  0.290426      0.261061  1.742942e-03  6.928481e-03  0.000401
6    3.868612  2.074487e+00        7.0  2.823976      1.079345  7.332630e-03  1.596867e-01  0.003960
7    5.345916  3.363915e+00        8.0  2.216930      0.721491  1.020105e-02  2.625418e-01  0.003003
8    3.434554  2.661140e+00        9.0  2.124546      0.815218  6.586706e-03  2.360535e-01  0.002882
9    4.629850  3.014662e+00       10.0  1.396544      0.490178  8.885059e-03  1.960022e-01  0.001966
10   2.643523  1.579382e+00       11.0  0.684035      0.323731  5.106968e-03  1.326880e-01  0.000962
11   1.394711  6.821634e-01       12.0  0.483837      0.322414  2.660596e-03  3.982116e-02  0.000661
12   1.819884  8.798359e-01       13.0  0.312239      0.185934  3.560709e-03  4.048658e-02  0.000439
13   1.753472  1.432893e+00       14.0  0.515433      0.280549  3.304237e-03  1.089485e-01  0.000711
14   4.231255  2.964435e+00       15.0  0.881065      0.321642  8.110313e-03  1.546997e-01  0.001255
15   0.683885  1.834855e-01       16.0  0.265840      0.269611  1.334540e-03  1.758192e-02  0.000372
16   1.152660  8.690222e-01       17.0  0.527145      0.354379  2.184247e-03  5.198297e-02  0.000713
17   0.255331  3.765424e-01       18.0  0.435679      0.486473  4.927568e-04  1.770228e-02  0.000626
18   2.114264  9.898055e-01       19.0  0.943484      0.509823  4.033883e-03  5.429985e-02  0.001274
19   1.309826  5.715675e-01       20.0  0.265742      0.188557  2.573340e-03  4.054832e-02  0.000376
20   2.219195  1.792492e+00       21.0  0.422985      0.207111  4.278204e-03  9.891782e-02  0.000593
21   1.310356  7.816844e-01       22.0  0.524670      0.347406  2.538513e-03  3.881840e-02  0.000744
22   0.532858  3.869730e-01       23.0  0.533734      0.506627  9.973124e-04  1.633658e-02  0.000716
23   3.234415  3.638386e+00       24.0  0.558909      0.210045  6.262927e-03  1.903203e-01  0.000782
24   0.801305  7.260985e-01       25.0  0.591457      0.448475  1.515272e-03  6.772139e-02  0.000801
25   0.957966  1.956645e-01       26.0  0.227626      0.203855  1.863969e-03  1.083003e-02  0.000337
26   1.449148  9.600125e-01       27.0  0.522962      0.324426  2.700841e-03  5.002610e-02  0.000729
27   7.629175  5.671820e+00       28.0  1.017454      0.275333  1.489362e-02  3.452390e-01  0.001422
28   0.430905  7.908829e-01       29.0  0.468110      0.394819  8.190191e-04  6.752851e-02  0.000646
29   2.092156  1.525936e+00       30.0  0.423708      0.218024  4.016703e-03  7.397444e-02  0.000565
..        ...           ...        ...       ...           ...           ...           ...       ...
40   0.931757  8.537357e-01       41.0  0.473429      0.338068  1.722509e-03  5.675443e-02  0.000621
41   1.030081  3.586248e-02       42.0  0.230764      0.213848  1.984509e-03  5.226944e-04  0.000317
42   3.922592  4.394271e+00       43.0  0.707896      0.241766  7.428597e-03  2.188819e-01  0.000941
43   0.680149  8.455156e-01       44.0  0.390875      0.301685  1.292276e-03  5.573918e-02  0.000514
44   2.770599  3.226705e+00       45.0  0.638277      0.255700  5.263768e-03  1.852721e-01  0.000865
45   0.539792  2.684613e-01       46.0  0.367764      0.378277  1.039850e-03  8.142877e-03  0.000497
46   2.214550  2.349029e+00       47.0  0.644253      0.294137  4.236681e-03  1.427241e-01  0.000873
47   0.100113  1.730023e-01       48.0  0.138838      0.233410  2.035731e-04  1.149322e-02  0.000208
48   1.172868  1.864818e+00       49.0  0.565052      0.313391  2.149169e-03  1.490501e-01  0.000741
49   0.167377  1.477714e-01       50.0  0.147365      0.236746  2.850200e-04  6.647496e-03  0.000202
50  13.091005  2.296779e+01       51.0  1.201128      0.198850  2.481618e-02  1.156888e+00  0.001647
51   0.334461  1.267727e-01       52.0  0.261786      0.348360  6.827653e-04  1.605411e-03  0.000340
52   1.486990  5.236736e-01       53.0  0.291811      0.200234  2.918932e-03  2.429848e-02  0.000426
53   1.611989  2.171353e+00       54.0  0.602408      0.300961  3.035552e-03  1.407114e-01  0.000815
54   4.112577  2.002504e+00       55.0  0.360810      0.144304  8.175098e-03  1.668408e-01  0.000500
55   5.570047  1.051693e+01       56.0  1.004444      0.247660  1.045154e-02  5.253674e-01  0.001310
56   1.205721  1.640272e+00       57.0  0.418200      0.241070  2.263205e-03  9.496500e-02  0.000549
57   2.076512  3.200681e+00       58.0  0.572045      0.244077  3.837151e-03  2.243112e-01  0.000757
58   0.039610  4.850513e-03       59.0  0.052861      0.173429  7.509421e-05  2.352748e-05  0.000067
59   0.244961  3.252535e-01       60.0  0.196579      0.241497  4.611662e-04  2.100404e-02  0.000278
60   3.243176  5.515684e+00       61.0  0.765903      0.254734  6.046825e-03  3.507496e-01  0.001007
61   3.318033  1.286324e+00       62.0  0.348420      0.160094  6.497458e-03  8.036588e-02  0.000510
62   0.605501  9.155523e-01       63.0  0.276738      0.216089  1.123300e-03  7.760432e-02  0.000364
63   0.037621  1.453362e-07       64.0  0.036334      0.124569  6.635004e-05  2.112262e-14  0.000049
64   0.723312  8.616874e-02       65.0  0.116093      0.124625  1.364917e-03  2.336882e-03  0.000158
65   0.677208  3.613860e-01       66.0  0.158266      0.150289  1.334568e-03  3.804685e-02  0.000214
66   0.038105 -3.989712e-04       67.0  0.017266      0.063895  7.024408e-05  1.591780e-07  0.000029
67   0.000379 -5.098045e-04       68.0  0.001598      0.142836  7.818723e-08  2.599006e-07  0.000003
68   0.202847  4.646569e-01       69.0  0.112336      0.130591  3.692743e-04  3.995678e-02  0.000144
69   6.839140  1.677530e+00       70.0  0.775839      0.261692  1.340555e-02  1.214581e-01  0.001151

[70 rows x 8 columns]
