../data/input_PairNegWgt2DHist_Delta10_GroupEvt-1_useErrFalse_minMC-1_maxErr999.csv deosn't exist
 run load_data_2017 
      bin_region  entries  error                key     ...      target   totalWeight vor_point  vor_region
0             -1      1.0   0.00  ttHnobb_SigRegion     ...           1  8.674605e-04        -1          -1
1             -1      1.0   0.00  ttHnobb_SigRegion     ...           1  1.219472e-03        -1          -1
2             -1      1.0   0.00  ttHnobb_SigRegion     ...           1  1.552349e-03        -1          -1
3             -1      1.0   0.00  ttHnobb_SigRegion     ...           1  8.346580e-04        -1          -1
4             -1      1.0   0.00  ttHnobb_SigRegion     ...           1  1.669779e-04        -1          -1
5             -1      1.0   0.00  ttHnobb_SigRegion     ...           1  1.482585e-04        -1          -1
6             -1      1.0   0.00  ttHnobb_SigRegion     ...           1  2.152017e-03        -1          -1
7             -1      1.0   0.00  ttHnobb_SigRegion     ...           1  9.326543e-04        -1          -1
8             -1      1.0   0.00  ttHnobb_SigRegion     ...           1  1.527063e-03        -1          -1
9             -1      1.0   0.00  ttHnobb_SigRegion     ...           1  1.930361e-04        -1          -1
10            -1      1.0   0.00  ttHnobb_SigRegion     ...           1  1.122813e-05        -1          -1
11            -1      1.0   0.00  ttHnobb_SigRegion     ...           1  1.270419e-04        -1          -1
12            -1      1.0   0.00  ttHnobb_SigRegion     ...           1  1.414018e-03        -1          -1
13            -1      1.0   0.00  ttHnobb_SigRegion     ...           1  1.350577e-03        -1          -1
14            -1      1.0   0.00  ttHnobb_SigRegion     ...           1  1.149963e-03        -1          -1
15            -1      1.0   0.00  ttHnobb_SigRegion     ...           1  1.180623e-03        -1          -1
16            -1      1.0   0.00  ttHnobb_SigRegion     ...           1  1.389482e-03        -1          -1
17            -1      1.0   0.00  ttHnobb_SigRegion     ...           1  1.646803e-03        -1          -1
18            -1      1.0   0.00  ttHnobb_SigRegion     ...           1  1.156737e-03        -1          -1
19            -1      1.0   0.00  ttHnobb_SigRegion     ...           1  1.413921e-03        -1          -1
20            -1      1.0   0.00  ttHnobb_SigRegion     ...           1  7.169967e-04        -1          -1
21            -1      1.0   0.00  ttHnobb_SigRegion     ...           1  1.255356e-03        -1          -1
22            -1      1.0   0.00  ttHnobb_SigRegion     ...           1  9.811763e-04        -1          -1
23            -1      1.0   0.00  ttHnobb_SigRegion     ...           1  9.705826e-04        -1          -1
24            -1      1.0   0.00  ttHnobb_SigRegion     ...           1  1.040296e-05        -1          -1
25            -1      1.0   0.00  ttHnobb_SigRegion     ...           1  8.420211e-04        -1          -1
26            -1      1.0   0.00  ttHnobb_SigRegion     ...           1  4.217682e-07        -1          -1
27            -1      1.0   0.00  ttHnobb_SigRegion     ...           1  1.816280e-03        -1          -1
28            -1      1.0   0.00  ttHnobb_SigRegion     ...           1  1.867297e-03        -1          -1
29            -1      1.0   0.00  ttHnobb_SigRegion     ...           1  2.113882e-04        -1          -1
...          ...      ...    ...                ...     ...         ...           ...       ...         ...
33050         -1      1.0   0.25   ttJets_SigRegion     ...           3  6.489073e-02        -1          -1
33051         -1      1.0   0.25   ttJets_SigRegion     ...           3  7.908018e-03        -1          -1
33052         -1      1.0   0.25   ttJets_SigRegion     ...           3  3.299623e-02        -1          -1
33053         -1      1.0   0.25   ttJets_SigRegion     ...           3  5.992638e-02        -1          -1
33054         -1      1.0   0.25   ttJets_SigRegion     ...           3  6.593647e-02        -1          -1
33055         -1      1.0   0.25   ttJets_SigRegion     ...           3  2.866283e-02        -1          -1
33056         -1      1.0   0.25   ttJets_SigRegion     ...           3  4.287635e-03        -1          -1
33057         -1      1.0   0.25   ttJets_SigRegion     ...           3  2.908868e-03        -1          -1
33058         -1      1.0   0.25   ttJets_SigRegion     ...           3  1.039828e-02        -1          -1
33059         -1      1.0   0.25   ttJets_SigRegion     ...           3  6.371816e-02        -1          -1
33060         -1      1.0   0.25   ttJets_SigRegion     ...           3  5.003064e-02        -1          -1
33061         -1      1.0   0.25   ttJets_SigRegion     ...           3  3.346310e-04        -1          -1
33062         -1      1.0   0.25   ttJets_SigRegion     ...           3  8.937628e-03        -1          -1
33063         -1      1.0   0.25   ttJets_SigRegion     ...           3  1.108313e-02        -1          -1
33064         -1      1.0   0.25   ttJets_SigRegion     ...           3  4.864455e-02        -1          -1
33065         -1      1.0   0.25   ttJets_SigRegion     ...           3  2.773789e-02        -1          -1
33066         -1     -1.0   0.25   ttJets_SigRegion     ...           3 -6.161383e-03        -1          -1
33067         -1      1.0   0.25   ttJets_SigRegion     ...           3  3.689599e-02        -1          -1
33068         -1      1.0   0.25   ttJets_SigRegion     ...           3  6.069809e-03        -1          -1
33069         -1      1.0   0.25   ttJets_SigRegion     ...           3  3.768957e-03        -1          -1
33070         -1      1.0   0.25   ttJets_SigRegion     ...           3  5.177876e-03        -1          -1
33071         -1     -1.0   0.25   ttJets_SigRegion     ...           3 -8.312521e-04        -1          -1
33072         -1      1.0   0.25   ttJets_SigRegion     ...           3  5.512158e-02        -1          -1
33073         -1      1.0   0.25   ttJets_SigRegion     ...           3  6.933565e-02        -1          -1
33074         -1      1.0   0.25   ttJets_SigRegion     ...           3  5.448889e-03        -1          -1
33075         -1      1.0   0.25   ttJets_SigRegion     ...           3  4.581821e-03        -1          -1
33076         -1      1.0   0.25   ttJets_SigRegion     ...           3  1.880053e-03        -1          -1
33077         -1      1.0   0.25   ttJets_SigRegion     ...           3  6.844150e-03        -1          -1
33078         -1      1.0   0.25   ttJets_SigRegion     ...           3  8.129575e-04        -1          -1
33079         -1      1.0   0.25   ttJets_SigRegion     ...           3  5.603982e-03        -1          -1

[33080 rows x 12 columns]
finish calculate siginificance, after sorting df_hist is           b1        b2  bin_region  entrie_b1  entrie_b2    ...     sumw2_b1      sumw2_b2   sumw2_s  x_center  y_center
0   0.088055  0.012726          99       73.0        2.0    ...     0.000170  2.065559e-04  0.000255  0.761785  0.754693
1   0.077939  0.022123          89       69.0        2.0    ...     0.000139  2.972082e-04  0.000153  0.444076  0.754693
2   0.086532  0.000000          98       69.0        0.0    ...     0.000167  0.000000e+00  0.000121  0.761785  0.447911
3   0.105673  0.009522          88       77.0        1.0    ...     0.000199  9.066275e-05  0.000112  0.444076  0.447911
4   0.046558  0.008156          79       44.0        1.0    ...     0.000078  6.652240e-05  0.000095  0.312319  0.754693
5   0.055355  0.000000          58       47.0        0.0    ...     0.000100  0.000000e+00  0.000084  0.120604  0.447911
6   0.054580  0.041379          47       55.0        1.0    ...     0.000091  1.712244e-03  0.000079  0.035679  0.334721
7   0.084850  0.011833          67       76.0        3.0    ...     0.000157  7.588411e-05  0.000090  0.212419  0.334721
8   0.033933  0.000000          48       31.0        0.0    ...     0.000064  0.000000e+00  0.000073  0.035679  0.447911
9   0.073283  0.018885          68       66.0        2.0    ...     0.000139  3.247645e-04  0.000080  0.212419  0.447911
10  0.087491  0.000170          97       58.0        1.0    ...     0.000168  2.886153e-08  0.000077  0.761785  0.334721
11  0.022565  0.002913          69       15.0        2.0    ...     0.000045  1.282076e-05  0.000058  0.212419  0.754693
12  0.125538  0.050338          54       88.0        2.0    ...     0.000254  1.421772e-03  0.000107  0.120604  0.054676
13  0.133851  0.089154          33      100.0        3.0    ...     0.000255  6.959237e-03  0.000108 -0.052576 -0.032930
14  0.000000  0.000000          19        0.0        0.0    ...     0.000000  0.000000e+00  0.000003 -0.277026  0.754693
15  0.150680  0.006284          25      118.0        1.0    ...     0.000271  3.949345e-05  0.000084 -0.152116  0.142155
16  0.095505  0.045912          66       72.0        1.0    ...     0.000183  2.107902e-03  0.000075  0.212419  0.235259
17  0.097073  0.000000          77       77.0        0.0    ...     0.000189  0.000000e+00  0.000063  0.312319  0.334721
18  0.096603  0.062192          87       70.0        3.0    ...     0.000196  1.344689e-03  0.000078  0.444076  0.334721
19  0.125309  0.010891          75       93.0        3.0    ...     0.000235  6.870671e-05  0.000065  0.312319  0.142155
20  0.115641  0.002737          65       84.0        1.0    ...     0.000226  7.491784e-06  0.000064  0.212419  0.142155
21  0.114816  0.074124          45       76.0        5.0    ...     0.000231  4.127472e-03  0.000073  0.035679  0.142155
22  0.056050  0.100139          16       52.0        5.0    ...     0.000115  4.835660e-03  0.000080 -0.277026  0.235259
23  0.164425  0.031008          14      122.0        3.0    ...     0.000328  3.628370e-04  0.000078 -0.277026  0.054676
24  0.103138  0.000000          74       73.0        0.0    ...     0.000202  0.000000e+00  0.000069  0.312319  0.054676
25  0.118961  0.020984          86       76.0        2.0    ...     0.000257  2.272354e-04  0.000073  0.444076  0.235259
26  0.097467  0.065898          37       64.0        5.0    ...     0.000199  2.147582e-03  0.000077 -0.052576  0.334721
27  0.102111  0.034516          76       75.0        2.0    ...     0.000185  8.498732e-04  0.000065  0.312319  0.235259
28  0.089638  0.171943          78       67.0        6.0    ...     0.000179  9.818070e-03  0.000091  0.312319  0.447911
29  0.107031  0.003548          46       84.0        1.0    ...     0.000198  1.258778e-05  0.000070  0.035679  0.235259
..       ...       ...         ...        ...        ...    ...          ...           ...       ...       ...       ...
70  1.333174  1.986039           0      958.0       99.0    ...     0.002522  1.004479e-01  0.000145 -0.674952 -0.646633
71  0.309271  0.189614          31      202.0        6.0    ...     0.000602  1.534704e-02  0.000065 -0.052576 -0.236417
72  0.063070  0.168654           5       48.0        3.0    ...     0.000122  2.480094e-02  0.000044 -0.674952  0.142155
73  0.051713  0.009344          38       49.0        2.0    ...     0.000091  8.127458e-05  0.000021 -0.052576  0.447911
74  0.164605  0.047661          62      113.0        6.0    ...     0.000309  5.833439e-04  0.000038  0.212419 -0.128991
75  0.301699  0.235574          21      228.0       10.0    ...     0.000548  1.038198e-02  0.000051 -0.152116 -0.236417
76  0.493039  0.392797          30      334.0       14.0    ...     0.000986  1.819141e-02  0.000075 -0.052576 -0.646633
77  0.659327  0.523691          20      439.0       25.0    ...     0.001321  2.767510e-02  0.000079 -0.152116 -0.646633
78  0.127387  0.075502          71       86.0        1.0    ...     0.000257  5.700543e-03  0.000042  0.312319 -0.236417
79  0.750993  0.937124          10      512.0       33.0    ...     0.001460  5.406966e-02  0.000091 -0.277026 -0.646633
80  0.086630  0.043388          83       64.0        1.0    ...     0.000164  1.882492e-03  0.000026  0.444076 -0.032930
81  0.079226  0.116502          95       49.0        1.0    ...     0.000163  1.357274e-02  0.000032  0.761785  0.142155
82  0.436441  0.512953          40      275.0       18.0    ...     0.000866  2.512460e-02  0.000065  0.035679 -0.646633
83  0.022912  0.068988          17       22.0        2.0    ...     0.000044  4.758193e-03  0.000023 -0.277026  0.334721
84  0.120764  0.069456          82       75.0        2.0    ...     0.000246  3.181616e-03  0.000027  0.444076 -0.128991
85  0.270615  0.146086          70      171.0        3.0    ...     0.000547  1.703856e-02  0.000037  0.312319 -0.646633
86  0.003956  0.000000          49        4.0        0.0    ...     0.000007  0.000000e+00  0.000013  0.035679  0.754693
87  0.331638  0.104626          60      206.0        5.0    ...     0.000663  4.607202e-03  0.000040  0.212419 -0.646633
88  0.069952  0.128775          94       48.0        1.0    ...     0.000128  1.658312e-02  0.000031  0.761785  0.054676
89  0.177166  0.000000          80      124.0        0.0    ...     0.000340  0.000000e+00  0.000022  0.444076 -0.646633
90  0.043784  0.000000          92       41.0        0.0    ...     0.000072  0.000000e+00  0.000012  0.761785 -0.128991
91  0.415708  0.041001          50      276.0        5.0    ...     0.000805  3.595557e-04  0.000034  0.120604 -0.646633
92  0.025837  0.040092           6       21.0        2.0    ...     0.000046  1.525187e-03  0.000012 -0.674952  0.235259
93  0.003311  0.003890           7        4.0        1.0    ...     0.000004  1.512925e-05  0.000006 -0.674952  0.334721
94  0.063229  0.000000          91       40.0        0.0    ...     0.000124  0.000000e+00  0.000008  0.761785 -0.236417
95  0.097807  0.042290          90       68.0        1.0    ...     0.000194  1.788426e-03  0.000010  0.761785 -0.646633
96  0.008011  0.000000          39        5.0        0.0    ...     0.000014  0.000000e+00  0.000005 -0.052576  0.754693
97  0.006714  0.012517          18        8.0        1.0    ...     0.000009  1.566632e-04  0.000004 -0.277026  0.447911
98  0.000000  0.000000           9        0.0        0.0    ...     0.000000  0.000000e+00  0.000000 -0.674952  0.754693
99  0.002533  0.000000          29        2.0        0.0    ...     0.000005  0.000000e+00  0.000000 -0.152116  0.754693

[100 rows x 14 columns]
finish merge algorithm df_hist is saved into ../output/2DHist_NXQ10_NYQ10/TrainFrac0.5_PairNegWgt2DHist_Delta10_GroupEvt-1_useErrFalse_minMC-1_maxErr999_df_hist.csv 
